Flutter crash report.
Please report a bug at https://github.com/flutter/flutter/issues.

## command

flutter debug_adapter

## exception

SocketException: SocketException: Write failed (OS Error: O pipe está sendo fechado.
, errno = 232), port = 0

```
#0      _NativeSocket.write (dart:io-patch/socket_patch.dart:1246:34)
#1      _RawSocket.write (dart:io-patch/socket_patch.dart:2004:15)
#2      _Socket._write (dart:io-patch/socket_patch.dart:2479:18)
#3      _SocketStreamConsumer.write (dart:io-patch/socket_patch.dart:2214:28)
#4      _SocketStreamConsumer.addStream.<anonymous closure> (dart:io-patch/socket_patch.dart:2168:11)
#5      _rootRunUnary (dart:async/zone.dart:1407:47)
#6      _CustomZone.runUnary (dart:async/zone.dart:1308:19)
#7      _CustomZone.runUnaryGuarded (dart:async/zone.dart:1217:7)
#8      _BufferingStreamSubscription._sendData (dart:async/stream_impl.dart:339:11)
#9      _DelayedData.perform (dart:async/stream_impl.dart:515:14)
#10     _PendingEvents.handleNext (dart:async/stream_impl.dart:620:11)
#11     _PendingEvents.schedule.<anonymous closure> (dart:async/stream_impl.dart:591:7)
#12     _rootRun (dart:async/zone.dart:1391:47)
#13     _CustomZone.run (dart:async/zone.dart:1301:19)
#14     _CustomZone.runGuarded (dart:async/zone.dart:1209:7)
#15     _CustomZone.bindCallbackGuarded.<anonymous closure> (dart:async/zone.dart:1249:23)
#16     _rootRun (dart:async/zone.dart:1399:13)
#17     _CustomZone.run (dart:async/zone.dart:1301:19)
#18     _CustomZone.runGuarded (dart:async/zone.dart:1209:7)
#19     _CustomZone.bindCallbackGuarded.<anonymous closure> (dart:async/zone.dart:1249:23)
#20     _microtaskLoop (dart:async/schedule_microtask.dart:40:21)
#21     _startMicrotaskLoop (dart:async/schedule_microtask.dart:49:5)
#22     _runPendingImmediateCallback (dart:isolate-patch/isolate_patch.dart:118:13)
#23     _RawReceivePort._handleMessage (dart:isolate-patch/isolate_patch.dart:185:5)
```

## flutter doctor

```
[!] Flutter (Channel stable, 3.19.6, on Microsoft Windows [versÆo 10.0.22631.3447], locale pt-BR)
    • Flutter version 3.19.6 on channel stable at C:\Users\ravis\Downloads\flutter_windows_3.19.6-stable\flutter
    ! The flutter binary is not on your path. Consider adding C:\Users\ravis\Downloads\flutter_windows_3.19.6-stable\flutter\bin to your path.
    ! The dart binary is not on your path. Consider adding C:\Users\ravis\Downloads\flutter_windows_3.19.6-stable\flutter\bin to your path.
    • Upstream repository https://github.com/flutter/flutter.git
    • Framework revision 54e66469a9 (2 weeks ago), 2024-04-17 13:08:03 -0700
    • Engine revision c4cd48e186
    • Dart version 3.3.4
    • DevTools version 2.31.1
    • If those were intentional, you can disregard the above warnings; however it is recommended to use "git" directly to perform update checks and upgrades.

[✓] Windows Version (Installed version of Windows is version 10 or higher)

[!] Android toolchain - develop for Android devices (Android SDK version 34.0.0)
    • Android SDK at C:\Users\ravis\AppData\Local\Android\Sdk
    • Platform android-34, build-tools 34.0.0
    • ANDROID_HOME = C:\Users\ravis\AppData\Local\Android\Sdk
    • ANDROID_SDK_ROOT = C:\Users\ravis\AppData\Local\Android\Sdk
    • Java binary at: C:\Users\ravis\Desktop\android studio\jbr\bin\java
    • Java version OpenJDK Runtime Environment (build 17.0.9+0--11185874)
    ✗ Android license status unknown.
      Run `flutter doctor --android-licenses` to accept the SDK licenses.
      See https://flutter.dev/docs/get-started/install/windows#android-setup for more details.

[✓] Chrome - develop for the web
    • Chrome at C:\Program Files\Google\Chrome\Application\chrome.exe

[✗] Visual Studio - develop Windows apps
    ✗ Visual Studio not installed; this is necessary to develop Windows apps.
      Download at https://visualstudio.microsoft.com/downloads/.
      Please install the "Desktop development with C++" workload, including all of its default components

[✓] Android Studio (version 2023.2)
    • Android Studio at C:\Users\ravis\Desktop\android studio
    • Flutter plugin can be installed from:
      🔨 https://plugins.jetbrains.com/plugin/9212-flutter
    • Dart plugin can be installed from:
      🔨 https://plugins.jetbrains.com/plugin/6351-dart
    • Java version OpenJDK Runtime Environment (build 17.0.9+0--11185874)

[✓] VS Code (version 1.88.1)
    • VS Code at C:\Users\ravis\AppData\Local\Programs\Microsoft VS Code
    • Flutter extension version 3.88.0

[✓] Connected device (4 available)
    • sdk gphone64 x86 64 (mobile) • emulator-5554 • android-x64    • Android 14 (API 34) (emulator)
    • Windows (desktop)            • windows       • windows-x64    • Microsoft Windows [versÆo 10.0.22631.3447]
    • Chrome (web)                 • chrome        • web-javascript • Google Chrome 124.0.6367.118
    • Edge (web)                   • edge          • web-javascript • Microsoft Edge 124.0.2478.67

[✓] Network resources
    • All expected network resources are available.

! Doctor found issues in 3 categories.
```
